<?xml version="1.0" encoding="UTF-8"?>
<testng-results ignored="0" total="4" passed="4" failed="0" skipped="0">
  <reporter-output>
  </reporter-output>
  <suite started-at="2023-05-11T10:57:19Z" name="Default suite" finished-at="2023-05-11T10:57:19Z" duration-ms="34">
    <groups>
    </groups>
    <test started-at="2023-05-11T10:57:19Z" name="Default test" finished-at="2023-05-11T10:57:19Z" duration-ms="34">
      <class name="Engine.Priority">
        <test-method signature="StartEngine()[pri:1, instance:Engine.Priority@45a4b042]" started-at="2023-05-11T16:27:19Z" name="StartEngine" finished-at="2023-05-11T16:27:19Z" duration-ms="11" status="PASS">
          <reporter-output>
          </reporter-output>
        </test-method> <!-- StartEngine -->
        <test-method signature="putFirstGear()[pri:2, instance:Engine.Priority@45a4b042]" started-at="2023-05-11T16:27:19Z" name="putFirstGear" finished-at="2023-05-11T16:27:19Z" duration-ms="1" status="PASS">
          <reporter-output>
          </reporter-output>
        </test-method> <!-- putFirstGear -->
        <test-method signature="putSecondGear()[pri:3, instance:Engine.Priority@45a4b042]" started-at="2023-05-11T16:27:19Z" name="putSecondGear" finished-at="2023-05-11T16:27:19Z" duration-ms="0" status="PASS">
          <reporter-output>
          </reporter-output>
        </test-method> <!-- putSecondGear -->
        <test-method signature="putThirdGear()[pri:4, instance:Engine.Priority@45a4b042]" started-at="2023-05-11T16:27:19Z" name="putThirdGear" finished-at="2023-05-11T16:27:19Z" duration-ms="2" status="PASS">
          <reporter-output>
          </reporter-output>
        </test-method> <!-- putThirdGear -->
      </class> <!-- Engine.Priority -->
    </test> <!-- Default test -->
  </suite> <!-- Default suite -->
</testng-results>
