<?xml version="1.0" encoding="UTF-8"?>
<!-- Generated by org.testng.reporters.JUnitXMLReporter -->
<testsuite ignored="0" hostname="L-357009218" failures="0" tests="4" name="Default test" time="0.034" errors="0" timestamp="11 May 2023 10:57:19 GMT">
  <testcase classname="Engine.Priority" name="StartEngine" time="0.011"/>
  <testcase classname="Engine.Priority" name="putFirstGear" time="0.001"/>
  <testcase classname="Engine.Priority" name="putSecondGear" time="0.0"/>
  <testcase classname="Engine.Priority" name="putThirdGear" time="0.002"/>
</testsuite> <!-- Default test -->
